
Jan 17, 2022 14:22:16.35 NEW SESSION
Jan 17, 2022 14:22:16.35 [18644:22964:0117/142216.359:ERROR:chrome_browser_main_extra_parts_metrics.cc(227)] START: ReportBluetoothAvailability(). If you don't see the END: message, this is crbug.com/1216328.
Jan 17, 2022 14:22:16.35 [18644:22964:0117/142216.359:ERROR:chrome_browser_main_extra_parts_metrics.cc(230)] END: ReportBluetoothAvailability()
Jan 17, 2022 14:22:16.35 [18644:22964:0117/142216.359:ERROR:chrome_browser_main_extra_parts_metrics.cc(235)] START: GetDefaultBrowser(). If you don't see the END: message, this is crbug.com/1216328.
Jan 17, 2022 14:22:16.35 [18644:22964:0117/142216.359:ERROR:chrome_browser_main_extra_parts_metrics.cc(239)] END: GetDefaultBrowser()
Jan 17, 2022 14:22:16.36 [18644:22824:0117/142216.367:ERROR:device_event_log_impl.cc(214)] [14:22:16.366] USB: usb_device_handle_win.cc:1050 Failed to read descriptor from node connection: A device attached to the system is not functioning. (0x1F)
Jan 17, 2022 14:22:16.36 [18644:22824:0117/142216.367:ERROR:device_event_log_impl.cc(214)] [14:22:16.366] USB: usb_device_handle_win.cc:1050 Failed to read descriptor from node connection: A device attached to the system is not functioning. (0x1F)
Jan 17, 2022 14:22:16.36 [18644:22824:0117/142216.367:ERROR:device_event_log_impl.cc(214)] [14:22:16.366] USB: usb_device_handle_win.cc:1050 Failed to read descriptor from node connection: A device attached to the system is not functioning. (0x1F)
Jan 17, 2022 18:55:47.05 [18644:12488:0117/185547.050:ERROR:connection_factory_impl.cc(425)] Failed to connect to MCS endpoint with error -105
Jan 18, 2022 07:23:51.53 [18644:22824:0118/072351.532:ERROR:interface_endpoint_client.cc(658)] Message 1 rejected by interface blink.mojom.WidgetHost

Feb 28, 2022 10:49:45.83 NEW SESSION
Feb 28, 2022 10:49:45.83 [3368:34236:0228/104945.833:ERROR:chrome_browser_main_extra_parts_metrics.cc(227)] START: ReportBluetoothAvailability(). If you don't see the END: message, this is crbug.com/1216328.
Feb 28, 2022 10:49:45.84 [3368:34236:0228/104945.833:ERROR:chrome_browser_main_extra_parts_metrics.cc(230)] END: ReportBluetoothAvailability()
Feb 28, 2022 10:49:45.84 [3368:34236:0228/104945.833:ERROR:chrome_browser_main_extra_parts_metrics.cc(235)] START: GetDefaultBrowser(). If you don't see the END: message, this is crbug.com/1216328.
Feb 28, 2022 10:49:45.84 [3368:34236:0228/104945.834:ERROR:chrome_browser_main_extra_parts_metrics.cc(239)] END: GetDefaultBrowser()
Feb 28, 2022 10:49:45.84 [3368:17852:0228/104945.837:ERROR:device_event_log_impl.cc(214)] [10:49:45.836] USB: usb_service_win.cc:283 SetupDiEnumDeviceInterfaces: No more data is available. (0x103)
Feb 28, 2022 10:49:45.84 [3368:17852:0228/104945.838:ERROR:device_event_log_impl.cc(214)] [10:49:45.837] USB: usb_device_handle_win.cc:1049 Failed to read descriptor from node connection: A device attached to the system is not functioning. (0x1F)
Feb 28, 2022 10:49:45.84 [3368:17852:0228/104945.838:ERROR:device_event_log_impl.cc(214)] [10:49:45.837] USB: usb_device_handle_win.cc:1049 Failed to read descriptor from node connection: A device attached to the system is not functioning. (0x1F)
Feb 28, 2022 10:49:45.84 [3368:17852:0228/104945.838:ERROR:device_event_log_impl.cc(214)] [10:49:45.837] USB: usb_device_handle_win.cc:1049 Failed to read descriptor from node connection: A device attached to the system is not functioning. (0x1F)
Feb 28, 2022 11:11:19.65 [3368:17852:0228/111119.654:ERROR:interface_endpoint_client.cc(658)] Message 0 rejected by interface blink.mojom.WidgetHost

Feb 28, 2022 12:38:48.69 NEW SESSION
Feb 28, 2022 12:38:48.69 [27348:13100:0228/123848.693:ERROR:chrome_browser_main_extra_parts_metrics.cc(227)] START: ReportBluetoothAvailability(). If you don't see the END: message, this is crbug.com/1216328.
Feb 28, 2022 12:38:48.69 [27348:13100:0228/123848.693:ERROR:chrome_browser_main_extra_parts_metrics.cc(230)] END: ReportBluetoothAvailability()
Feb 28, 2022 12:38:48.69 [27348:13100:0228/123848.693:ERROR:chrome_browser_main_extra_parts_metrics.cc(235)] START: GetDefaultBrowser(). If you don't see the END: message, this is crbug.com/1216328.
Feb 28, 2022 12:38:48.69 [27348:13100:0228/123848.695:ERROR:chrome_browser_main_extra_parts_metrics.cc(239)] END: GetDefaultBrowser()
Feb 28, 2022 12:38:48.70 [27348:33540:0228/123848.701:ERROR:device_event_log_impl.cc(214)] [12:38:48.702] USB: usb_service_win.cc:283 SetupDiEnumDeviceInterfaces: No more data is available. (0x103)
Feb 28, 2022 12:38:48.70 [27348:33540:0228/123848.703:ERROR:device_event_log_impl.cc(214)] [12:38:48.703] USB: usb_device_handle_win.cc:1049 Failed to read descriptor from node connection: A device attached to the system is not functioning. (0x1F)
Feb 28, 2022 12:38:48.70 [27348:33540:0228/123848.703:ERROR:device_event_log_impl.cc(214)] [12:38:48.704] USB: usb_device_handle_win.cc:1049 Failed to read descriptor from node connection: A device attached to the system is not functioning. (0x1F)
Feb 28, 2022 12:38:48.70 [27348:33540:0228/123848.703:ERROR:device_event_log_impl.cc(214)] [12:38:48.704] USB: usb_device_handle_win.cc:1049 Failed to read descriptor from node connection: A device attached to the system is not functioning. (0x1F)
Feb 28, 2022 12:38:48.74 [27348:28972:0228/123848.743:ERROR:connection_factory_impl.cc(425)] Failed to connect to MCS endpoint with error -106
Feb 28, 2022 12:39:17.23 [27348:28972:0228/123917.230:ERROR:connection_factory_impl.cc(425)] Failed to connect to MCS endpoint with error -106
Feb 28, 2022 12:40:10.81 [27348:28972:0228/124010.813:ERROR:connection_factory_impl.cc(425)] Failed to connect to MCS endpoint with error -106
Feb 28, 2022 12:47:46.88 [27348:33540:0228/124746.882:ERROR:interface_endpoint_client.cc(658)] Message 5 rejected by interface blink.mojom.WidgetHost
